#
# There is insufficient memory for the Java Runtime Environment to continue.
# Native memory allocation (malloc) failed to allocate 284736 bytes for Chunk::new
# Possible reasons:
#   The system is out of physical RAM or swap space
#   In 32 bit mode, the process size limit was hit
# Possible solutions:
#   Reduce memory load on the system
#   Increase physical memory or swap space
#   Check if swap backing store is full
#   Use 64 bit Java on a 64 bit OS
#   Decrease Java heap size (-Xmx/-Xms)
#   Decrease number of Java threads
#   Decrease Java thread stack sizes (-Xss)
#   Set larger code cache with -XX:ReservedCodeCacheSize=
# This output file may be truncated or incomplete.
#
#  Out of Memory Error (allocation.cpp:390), pid=16388, tid=25020
#
# JRE version: Java(TM) SE Runtime Environment (8.0_73-b02) (build 1.8.0_73-b02)
# Java VM: Java HotSpot(TM) 64-Bit Server VM (25.73-b02 mixed mode windows-amd64 compressed oops)
# Failed to write core dump. Minidumps are not enabled by default on client versions of Windows
#

---------------  T H R E A D  ---------------

Current thread (0x0000000019c06000):  JavaThread "C2 CompilerThread0" daemon [_thread_in_native, id=25020, stack(0x000000001a1e0000,0x000000001a2e0000)]

Stack: [0x000000001a1e0000,0x000000001a2e0000]
[error occurred during error reporting (printing stack bounds), id 0xc0000005]

Native frames: (J=compiled Java code, j=interpreted, Vv=VM code, C=native code)


Current CompileTask:
C2:   5415 1244       4       com.sun.javafx.css.StyleMap::getCascadingStyles (404 bytes)


---------------  P R O C E S S  ---------------

Java Threads: ( => current thread )
  0x000000001ae9d000 JavaThread "Prism Font Disposer" daemon [_thread_blocked, id=25768, stack(0x0000000022dd0000,0x0000000022ed0000)]
  0x000000001a973800 JavaThread "JavaFX-Launcher" [_thread_blocked, id=27068, stack(0x0000000020130000,0x0000000020230000)]
  0x000000001a92e800 JavaThread "Thread-2" daemon [_thread_in_native, id=4428, stack(0x000000001fa90000,0x000000001fb90000)]
  0x000000001a871800 JavaThread "JavaFX Application Thread" [_thread_in_native, id=25604, stack(0x000000001b500000,0x000000001b600000)]
  0x000000001a86e800 JavaThread "Thread-1" daemon [_thread_blocked, id=5264, stack(0x000000001b400000,0x000000001b500000)]
  0x0000000019fb7800 JavaThread "QuantumRenderer-0" daemon [_thread_blocked, id=13268, stack(0x000000001afe0000,0x000000001b0e0000)]
  0x0000000019caf000 JavaThread "Service Thread" daemon [_thread_blocked, id=2700, stack(0x000000001a5e0000,0x000000001a6e0000)]
  0x0000000019c22800 JavaThread "C1 CompilerThread3" daemon [_thread_in_native, id=10116, stack(0x000000001a4e0000,0x000000001a5e0000)]
  0x0000000019c11000 JavaThread "C2 CompilerThread2" daemon [_thread_in_native, id=15208, stack(0x000000001a3e0000,0x000000001a4e0000)]
  0x0000000019c0a000 JavaThread "C2 CompilerThread1" daemon [_thread_in_native, id=24696, stack(0x000000001a2e0000,0x000000001a3e0000)]
=>0x0000000019c06000 JavaThread "C2 CompilerThread0" daemon [_thread_in_native, id=25020, stack(0x000000001a1e0000,0x000000001a2e0000)]
  0x0000000019c04800 JavaThread "Attach Listener" daemon [_thread_blocked, id=16260, stack(0x000000001a0e0000,0x000000001a1e0000)]
  0x0000000017b1e800 JavaThread "Signal Dispatcher" daemon [_thread_blocked, id=19968, stack(0x0000000019fe0000,0x000000001a0e0000)]
  0x0000000002c5a000 JavaThread "Finalizer" daemon [_thread_blocked, id=25752, stack(0x00000000199f0000,0x0000000019af0000)]
  0x0000000017b0d800 JavaThread "Reference Handler" daemon [_thread_blocked, id=20872, stack(0x00000000198f0000,0x00000000199f0000)]
  0x0000000002a4d800 JavaThread "main" [_thread_blocked, id=26684, stack(0x0000000002a50000,0x0000000002b50000)]

Other Threads:
  0x0000000017b09000 VMThread [stack: 0x00000000197f0000,0x00000000198f0000] [id=28828]
  0x0000000019ce3800 WatcherThread [stack: 0x000000001a6e0000,0x000000001a7e0000] [id=18352]

VM state:not at safepoint (normal execution)

VM Mutex/Monitor currently owned by a thread: None

Heap:
 PSYoungGen      total 98816K, used 8382K [0x00000000d6780000, 0x00000000e0b80000, 0x0000000100000000)
  eden space 42496K, 19% used [0x00000000d6780000,0x00000000d6fafa28,0x00000000d9100000)
  from space 56320K, 0% used [0x00000000d9100000,0x00000000d9100000,0x00000000dc800000)
  to   space 51200K, 0% used [0x00000000dc800000,0x00000000dc800000,0x00000000dfa00000)
 ParOldGen       total 287232K, used 185809K [0x0000000083600000, 0x0000000094e80000, 0x00000000d6780000)
  object space 287232K, 64% used [0x0000000083600000,0x000000008eb747e8,0x0000000094e80000)
 Metaspace       used 16902K, capacity 17780K, committed 18048K, reserved 1067008K
  class space    used 2444K, capacity 2649K, committed 2688K, reserved 1048576K

Card table byte_map: [0x0000000012020000,0x0000000012410000] byte_map_base: 0x0000000011c05000

Marking Bits: (ParMarkBitMap*) 0x0000000060e30600
 Begin Bits: [0x0000000012eb0000, 0x0000000014dd8000)
 End Bits:   [0x0000000014dd8000, 0x0000000016d00000)

Polling page: 0x0000000001420000

CodeCache: size=245760Kb used=4616Kb max_used=4616Kb free=241143Kb
 bounds [0x0000000002c60000, 0x00000000030f0000, 0x0000000011c60000]
 total_blobs=1901 nmethods=1293 adapters=520
 compilation: enabled

Compilation events (10 events):
Event: 5.352 Thread 0x0000000019c22800 nmethod 1285 0x00000000030e39d0 code [0x00000000030e3b20, 0x00000000030e3c10]
Event: 5.352 Thread 0x0000000019c22800 1294       1       com.sun.javafx.css.SimpleSelector::getNodeOrientation (5 bytes)
Event: 5.352 Thread 0x0000000019c22800 nmethod 1294 0x00000000030e3c90 code [0x00000000030e3de0, 0x00000000030e3ef0]
Event: 5.352 Thread 0x0000000019c22800 1284       1       javafx.scene.text.Text::access$2400 (5 bytes)
Event: 5.352 Thread 0x0000000019c22800 nmethod 1284 0x00000000030e3f50 code [0x00000000030e40a0, 0x00000000030e4190]
Event: 5.352 Thread 0x0000000019c22800 1297       1       javafx.scene.Parent::access$400 (5 bytes)
Event: 5.352 Thread 0x0000000019c22800 nmethod 1297 0x00000000030e4210 code [0x00000000030e4360, 0x00000000030e4450]
Event: 5.352 Thread 0x0000000019c22800 1298       1       javafx.scene.Parent::access$800 (5 bytes)
Event: 5.352 Thread 0x0000000019c22800 nmethod 1298 0x00000000030e44d0 code [0x00000000030e4620, 0x00000000030e4710]
Event: 5.352 Thread 0x0000000019c22800 1300   !   3       com.sun.javafx.css.StyleManager::findMatchingStyles (1260 bytes)

GC Heap History (10 events):
Event: 3.297 GC heap before
{Heap before GC invocations=11 (full 2):
 PSYoungGen      total 93696K, used 93676K [0x00000000d6780000, 0x00000000e0b80000, 0x0000000100000000)
  eden space 42496K, 100% used [0x00000000d6780000,0x00000000d9100000,0x00000000d9100000)
  from space 51200K, 99% used [0x00000000dc800000,0x00000000df9fb010,0x00000000dfa00000)
  to   space 56320K, 0% used [0x00000000d9100000,0x00000000d9100000,0x00000000dc800000)
 ParOldGen       total 287232K, used 200998K [0x0000000083600000, 0x0000000094e80000, 0x00000000d6780000)
  object space 287232K, 69% used [0x0000000083600000,0x000000008fa49b30,0x0000000094e80000)
 Metaspace       used 14044K, capacity 14570K, committed 14592K, reserved 1062912K
  class space    used 1875K, capacity 2034K, committed 2048K, reserved 1048576K
Event: 3.345 GC heap after
Heap after GC invocations=11 (full 2):
 PSYoungGen      total 98816K, used 56306K [0x00000000d6780000, 0x00000000e0b80000, 0x0000000100000000)
  eden space 42496K, 0% used [0x00000000d6780000,0x00000000d6780000,0x00000000d9100000)
  from space 56320K, 99% used [0x00000000d9100000,0x00000000dc7fc808,0x00000000dc800000)
  to   space 51200K, 0% used [0x00000000dc800000,0x00000000dc800000,0x00000000dfa00000)
 ParOldGen       total 287232K, used 232662K [0x0000000083600000, 0x0000000094e80000, 0x00000000d6780000)
  object space 287232K, 81% used [0x0000000083600000,0x0000000091935b30,0x0000000094e80000)
 Metaspace       used 14044K, capacity 14570K, committed 14592K, reserved 1062912K
  class space    used 1875K, capacity 2034K, committed 2048K, reserved 1048576K
}
Event: 3.402 GC heap before
{Heap before GC invocations=12 (full 2):
 PSYoungGen      total 98816K, used 98784K [0x00000000d6780000, 0x00000000e0b80000, 0x0000000100000000)
  eden space 42496K, 99% used [0x00000000d6780000,0x00000000d90fb978,0x00000000d9100000)
  from space 56320K, 99% used [0x00000000d9100000,0x00000000dc7fc808,0x00000000dc800000)
  to   space 51200K, 0% used [0x00000000dc800000,0x00000000dc800000,0x00000000dfa00000)
 ParOldGen       total 287232K, used 232662K [0x0000000083600000, 0x0000000094e80000, 0x00000000d6780000)
  object space 287232K, 81% used [0x0000000083600000,0x0000000091935b30,0x0000000094e80000)
 Metaspace       used 14046K, capacity 14570K, committed 14592K, reserved 1062912K
  class space    used 1877K, capacity 2034K, committed 2048K, reserved 1048576K
Event: 3.455 GC heap after
Heap after GC invocations=12 (full 2):
 PSYoungGen      total 93696K, used 51181K [0x00000000d6780000, 0x00000000e0b80000, 0x0000000100000000)
  eden space 42496K, 0% used [0x00000000d6780000,0x00000000d6780000,0x00000000d9100000)
  from space 51200K, 99% used [0x00000000dc800000,0x00000000df9fb620,0x00000000dfa00000)
  to   space 56320K, 0% used [0x00000000d9100000,0x00000000d9100000,0x00000000dc800000)
 ParOldGen       total 287232K, used 278630K [0x0000000083600000, 0x0000000094e80000, 0x00000000d6780000)
  object space 287232K, 97% used [0x0000000083600000,0x0000000094619b30,0x0000000094e80000)
 Metaspace       used 14046K, capacity 14570K, committed 14592K, reserved 1062912K
  class space    used 1877K, capacity 2034K, committed 2048K, reserved 1048576K
}
Event: 3.455 GC heap before
{Heap before GC invocations=13 (full 3):
 PSYoungGen      total 93696K, used 51181K [0x00000000d6780000, 0x00000000e0b80000, 0x0000000100000000)
  eden space 42496K, 0% used [0x00000000d6780000,0x00000000d6780000,0x00000000d9100000)
  from space 51200K, 99% used [0x00000000dc800000,0x00000000df9fb620,0x00000000dfa00000)
  to   space 56320K, 0% used [0x00000000d9100000,0x00000000d9100000,0x00000000dc800000)
 ParOldGen       total 287232K, used 278630K [0x0000000083600000, 0x0000000094e80000, 0x00000000d6780000)
  object space 287232K, 97% used [0x0000000083600000,0x0000000094619b30,0x0000000094e80000)
 Metaspace       used 14046K, capacity 14570K, committed 14592K, reserved 1062912K
  class space    used 1877K, capacity 2034K, committed 2048K, reserved 1048576K
Event: 4.412 GC heap after
Heap after GC invocations=13 (full 3):
 PSYoungGen      total 93696K, used 0K [0x00000000d6780000, 0x00000000e0b80000, 0x0000000100000000)
  eden space 42496K, 0% used [0x00000000d6780000,0x00000000d6780000,0x00000000d9100000)
  from space 51200K, 0% used [0x00000000dc800000,0x00000000dc800000,0x00000000dfa00000)
  to   space 56320K, 0% used [0x00000000d9100000,0x00000000d9100000,0x00000000dc800000)
 ParOldGen       total 287232K, used 178533K [0x0000000083600000, 0x0000000094e80000, 0x00000000d6780000)
  object space 287232K, 62% used [0x0000000083600000,0x000000008e459678,0x0000000094e80000)
 Metaspace       used 14046K, capacity 14570K, committed 14592K, reserved 1062912K
  class space    used 1877K, capacity 2034K, committed 2048K, reserved 1048576K
}
Event: 4.584 GC heap before
{Heap before GC invocations=14 (full 3):
 PSYoungGen      total 93696K, used 24050K [0x00000000d6780000, 0x00000000e0b80000, 0x0000000100000000)
  eden space 42496K, 56% used [0x00000000d6780000,0x00000000d7efcb90,0x00000000d9100000)
  from space 51200K, 0% used [0x00000000dc800000,0x00000000dc800000,0x00000000dfa00000)
  to   space 56320K, 0% used [0x00000000d9100000,0x00000000d9100000,0x00000000dc800000)
 ParOldGen       total 287232K, used 178533K [0x0000000083600000, 0x0000000094e80000, 0x00000000d6780000)
  object space 287232K, 62% used [0x0000000083600000,0x000000008e459678,0x0000000094e80000)
 Metaspace       used 14974K, capacity 15516K, committed 15616K, reserved 1067008K
  class space    used 2054K, capacity 2211K, committed 2304K, reserved 1048576K
Event: 4.594 GC heap after
Heap after GC invocations=14 (full 3):
 PSYoungGen      total 98816K, used 7570K [0x00000000d6780000, 0x00000000e0b80000, 0x0000000100000000)
  eden space 42496K, 0% used [0x00000000d6780000,0x00000000d6780000,0x00000000d9100000)
  from space 56320K, 13% used [0x00000000d9100000,0x00000000d9864808,0x00000000dc800000)
  to   space 51200K, 0% used [0x00000000dc800000,0x00000000dc800000,0x00000000dfa00000)
 ParOldGen       total 287232K, used 178541K [0x0000000083600000, 0x0000000094e80000, 0x00000000d6780000)
  object space 287232K, 62% used [0x0000000083600000,0x000000008e45b678,0x0000000094e80000)
 Metaspace       used 14974K, capacity 15516K, committed 15616K, reserved 1067008K
  class space    used 2054K, capacity 2211K, committed 2304K, reserved 1048576K
}
Event: 4.594 GC heap before
{Heap before GC invocations=15 (full 4):
 PSYoungGen      total 98816K, used 7570K [0x00000000d6780000, 0x00000000e0b80000, 0x0000000100000000)
  eden space 42496K, 0% used [0x00000000d6780000,0x00000000d6780000,0x00000000d9100000)
  from space 56320K, 13% used [0x00000000d9100000,0x00000000d9864808,0x00000000dc800000)
  to   space 51200K, 0% used [0x00000000dc800000,0x00000000dc800000,0x00000000dfa00000)
 ParOldGen       total 287232K, used 178541K [0x0000000083600000, 0x0000000094e80000, 0x00000000d6780000)
  object space 287232K, 62% used [0x0000000083600000,0x000000008e45b678,0x0000000094e80000)
 Metaspace       used 14974K, capacity 15516K, committed 15616K, reserved 1067008K
  class space    used 2054K, capacity 2211K, committed 2304K, reserved 1048576K
Event: 5.236 GC heap after
Heap after GC invocations=15 (full 4):
 PSYoungGen      total 98816K, used 0K [0x00000000d6780000, 0x00000000e0b80000, 0x0000000100000000)
  eden space 42496K, 0% used [0x00000000d6780000,0x00000000d6780000,0x00000000d9100000)
  from space 56320K, 0% used [0x00000000d9100000,0x00000000d9100000,0x00000000dc800000)
  to   space 51200K, 0% used [0x00000000dc800000,0x00000000dc800000,0x00000000dfa00000)
 ParOldGen       total 287232K, used 185809K [0x0000000083600000, 0x0000000094e80000, 0x00000000d6780000)
  object space 287232K, 64% used [0x0000000083600000,0x000000008eb747e8,0x0000000094e80000)
 Metaspace       used 14974K, capacity 15516K, committed 15616K, reserved 1064960K
  class space    used 2054K, capacity 2211K, committed 2304K, reserved 1048576K
}

Deoptimization events (10 events):
Event: 4.574 Thread 0x000000001a871800 Uncommon trap: reason=class_check action=maybe_recompile pc=0x0000000002fdc418 method=java.lang.StringCoding$StringDecoder.decode([BII)[C @ 30
Event: 5.238 Thread 0x000000001a871800 Uncommon trap: reason=unstable_if action=reinterpret pc=0x0000000002eedab8 method=sun.misc.URLClassPath$JarLoader.getResource(Ljava/lang/String;Z)Lsun/misc/Resource; @ 62
Event: 5.263 Thread 0x000000001a871800 Uncommon trap: reason=class_check action=maybe_recompile pc=0x0000000002fce290 method=java.lang.ThreadLocal.get()Ljava/lang/Object; @ 6
Event: 5.263 Thread 0x000000001a871800 Uncommon trap: reason=unstable_if action=reinterpret pc=0x0000000002fd9538 method=java.lang.ThreadLocal$ThreadLocalMap.getEntry(Ljava/lang/ThreadLocal;)Ljava/lang/ThreadLocal$ThreadLocalMap$Entry; @ 21
Event: 5.264 Thread 0x000000001a871800 Uncommon trap: reason=class_check action=maybe_recompile pc=0x0000000002fce290 method=java.lang.ThreadLocal.get()Ljava/lang/Object; @ 6
Event: 5.264 Thread 0x000000001a871800 Uncommon trap: reason=class_check action=maybe_recompile pc=0x0000000002fce290 method=java.lang.ThreadLocal.get()Ljava/lang/Object; @ 6
Event: 5.321 Thread 0x000000001a871800 Uncommon trap: reason=unstable_if action=reinterpret pc=0x0000000002ec9a70 method=sun.net.www.ParseUtil.encodePath(Ljava/lang/String;Z)Ljava/lang/String; @ 109
Event: 5.349 Thread 0x000000001a871800 Uncommon trap: reason=unstable_if action=reinterpret pc=0x00000000030caf24 method=com.sun.javafx.css.BitSet.add(Ljava/lang/Object;)Z @ 91
Event: 5.355 Thread 0x000000001a871800 Uncommon trap: reason=class_check action=maybe_recompile pc=0x0000000002fce290 method=java.lang.ThreadLocal.get()Ljava/lang/Object; @ 6
Event: 5.360 Thread 0x000000001a871800 Uncommon trap: reason=unstable_if action=reinterpret pc=0x0000000002ff4d68 method=javafx.collections.ListChangeBuilder.commit()V @ 16

Internal exceptions (10 events):
Event: 0.575 Thread 0x000000001a871800 Exception <a 'java/lang/NullPointerException'> (0x00000000d776a678) thrown at [D:\re\puppet\workspace\8-2-build-windows-amd64-cygwin\jdk8u73\6086\hotspot\src\share\vm\interpreter\linkResolver.cpp, line 1178]
Event: 0.575 Thread 0x000000001a871800 Exception <a 'java/lang/NullPointerException'> (0x00000000d776a678) thrown at [D:\re\puppet\workspace\8-2-build-windows-amd64-cygwin\jdk8u73\6086\hotspot\src\share\vm\prims\jvm.cpp, line 1390]
Event: 0.742 Thread 0x000000001a871800 Exception <a 'java/lang/ArrayIndexOutOfBoundsException'> (0x00000000d7edf860) thrown at [D:\re\puppet\workspace\8-2-build-windows-amd64-cygwin\jdk8u73\6086\hotspot\src\share\vm\runtime\sharedRuntime.cpp, line 605]
Event: 0.743 Thread 0x000000001a871800 Exception <a 'java/lang/ArrayIndexOutOfBoundsException'> (0x00000000d7ee0378) thrown at [D:\re\puppet\workspace\8-2-build-windows-amd64-cygwin\jdk8u73\6086\hotspot\src\share\vm\runtime\sharedRuntime.cpp, line 605]
Event: 0.743 Thread 0x000000001a871800 Exception <a 'java/lang/ArrayIndexOutOfBoundsException'> (0x00000000d7ee1720) thrown at [D:\re\puppet\workspace\8-2-build-windows-amd64-cygwin\jdk8u73\6086\hotspot\src\share\vm\runtime\sharedRuntime.cpp, line 605]
Event: 0.745 Thread 0x000000001a871800 Exception <a 'java/lang/ArrayIndexOutOfBoundsException'> (0x00000000d7ee79d8) thrown at [D:\re\puppet\workspace\8-2-build-windows-amd64-cygwin\jdk8u73\6086\hotspot\src\share\vm\runtime\sharedRuntime.cpp, line 605]
Event: 0.775 Thread 0x000000001a871800 Exception <a 'java/lang/ArrayIndexOutOfBoundsException'> (0x00000000d802eba0) thrown at [D:\re\puppet\workspace\8-2-build-windows-amd64-cygwin\jdk8u73\6086\hotspot\src\share\vm\runtime\sharedRuntime.cpp, line 605]
Event: 0.775 Thread 0x000000001a871800 Exception <a 'java/lang/ArrayIndexOutOfBoundsException'> (0x00000000d802f9b8) thrown at [D:\re\puppet\workspace\8-2-build-windows-amd64-cygwin\jdk8u73\6086\hotspot\src\share\vm\runtime\sharedRuntime.cpp, line 605]
Event: 0.775 Thread 0x000000001a871800 Exception <a 'java/lang/ArrayIndexOutOfBoundsException'> (0x00000000d8031228) thrown at [D:\re\puppet\workspace\8-2-build-windows-amd64-cygwin\jdk8u73\6086\hotspot\src\share\vm\runtime\sharedRuntime.cpp, line 605]
Event: 5.263 Thread 0x000000001a871800 Implicit null exception at 0x0000000002fd94b0 to 0x0000000002fd951d

Events (10 events):
Event: 5.359 loading class com/sun/javafx/scene/control/skin/TableRowSkinBase done
Event: 5.360 Thread 0x000000001a871800 Uncommon trap: trap_request=0xffffff65 fr.pc=0x0000000002ff4d68
Event: 5.360 Thread 0x000000001a871800 DEOPT PACKING pc=0x0000000002ff4d68 sp=0x000000001b5fccd0
Event: 5.360 Thread 0x000000001a871800 DEOPT UNPACKING pc=0x0000000002ca582a sp=0x000000001b5fcc50 mode 2
Event: 5.360 loading class javafx/beans/Observable
Event: 5.360 loading class javafx/beans/Observable done
Event: 5.360 loading class javafx/beans/Observable
Event: 5.360 loading class javafx/beans/Observable done
Event: 5.360 loading class com/sun/javafx/scene/control/skin/TableRowSkinBase
Event: 5.360 loading class com/sun/javafx/scene/control/skin/TableRowSkinBase done


Dynamic libraries:
0x00007ff75ce70000 - 0x00007ff75cea7000 	C:\Program Files\Java\jre1.8.0_73\bin\javaw.exe
0x00007ffcfb360000 - 0x00007ffcfb531000 	C:\WINDOWS\SYSTEM32\ntdll.dll
0x00007ffcfaab0000 - 0x00007ffcfab5b000 	C:\WINDOWS\System32\KERNEL32.DLL
0x00007ffcf7850000 - 0x00007ffcf7a6d000 	C:\WINDOWS\System32\KERNELBASE.dll
0x00007ffcfa970000 - 0x00007ffcfaa12000 	C:\WINDOWS\System32\ADVAPI32.dll
0x00007ffcfafe0000 - 0x00007ffcfb07e000 	C:\WINDOWS\System32\msvcrt.dll
0x00007ffcf8e50000 - 0x00007ffcf8ea9000 	C:\WINDOWS\System32\sechost.dll
0x00007ffcf8d20000 - 0x00007ffcf8e41000 	C:\WINDOWS\System32\RPCRT4.dll
0x00007ffcfae70000 - 0x00007ffcfafd5000 	C:\WINDOWS\System32\USER32.dll
0x00007ffcf7c60000 - 0x00007ffcf7c7e000 	C:\WINDOWS\System32\win32u.dll
0x00007ffcfa920000 - 0x00007ffcfa954000 	C:\WINDOWS\System32\GDI32.dll
0x00007ffcf8080000 - 0x00007ffcf8202000 	C:\WINDOWS\System32\gdi32full.dll
0x00007ffcf2d90000 - 0x00007ffcf300a000 	C:\WINDOWS\WinSxS\amd64_microsoft.windows.common-controls_6595b64144ccf1df_6.0.14393.351_none_4213128bc687e6d3\COMCTL32.dll
0x00007ffcfb090000 - 0x00007ffcfb357000 	C:\WINDOWS\System32\combase.dll
0x00007ffcf7b10000 - 0x00007ffcf7c05000 	C:\WINDOWS\System32\ucrtbase.dll
0x00007ffcf8010000 - 0x00007ffcf807a000 	C:\WINDOWS\System32\bcryptPrimitives.dll
0x00007ffcf8ab0000 - 0x00007ffcf8ade000 	C:\WINDOWS\System32\IMM32.DLL
0x0000000061000000 - 0x00000000610d2000 	C:\Program Files\Java\jre1.8.0_73\bin\msvcr100.dll
0x0000000060620000 - 0x0000000060eb0000 	C:\Program Files\Java\jre1.8.0_73\bin\server\jvm.dll
0x00007ffcfb080000 - 0x00007ffcfb088000 	C:\WINDOWS\System32\PSAPI.DLL
0x00007ffcea070000 - 0x00007ffcea079000 	C:\WINDOWS\SYSTEM32\WSOCK32.dll
0x00007ffcf33a0000 - 0x00007ffcf33aa000 	C:\WINDOWS\SYSTEM32\VERSION.dll
0x00007ffcf5c30000 - 0x00007ffcf5c53000 	C:\WINDOWS\SYSTEM32\WINMM.dll
0x00007ffcfaa20000 - 0x00007ffcfaa8a000 	C:\WINDOWS\System32\WS2_32.dll
0x00007ffcf5bc0000 - 0x00007ffcf5beb000 	C:\WINDOWS\SYSTEM32\WINMMBASE.dll
0x00007ffcf7c10000 - 0x00007ffcf7c52000 	C:\WINDOWS\System32\cfgmgr32.dll
0x0000000060610000 - 0x000000006061f000 	C:\Program Files\Java\jre1.8.0_73\bin\verify.dll
0x00000000605e0000 - 0x0000000060609000 	C:\Program Files\Java\jre1.8.0_73\bin\java.dll
0x00000000605c0000 - 0x00000000605d6000 	C:\Program Files\Java\jre1.8.0_73\bin\zip.dll
0x00007ffcf8f10000 - 0x00007ffcfa419000 	C:\WINDOWS\System32\SHELL32.dll
0x00007ffcf8210000 - 0x00007ffcf88ea000 	C:\WINDOWS\System32\windows.storage.dll
0x00007ffcf7800000 - 0x00007ffcf784c000 	C:\WINDOWS\System32\powrprof.dll
0x00007ffcf88f0000 - 0x00007ffcf8942000 	C:\WINDOWS\System32\shlwapi.dll
0x00007ffcf77d0000 - 0x00007ffcf77df000 	C:\WINDOWS\System32\kernel.appcore.dll
0x00007ffcf7f60000 - 0x00007ffcf8009000 	C:\WINDOWS\System32\shcore.dll
0x00007ffcf77e0000 - 0x00007ffcf77f4000 	C:\WINDOWS\System32\profapi.dll
0x00007ffcd54b0000 - 0x00007ffcd559f000 	C:\Program Files\Java\jre1.8.0_73\bin\msvcr120.dll
0x00007ffce5d50000 - 0x00007ffce5df6000 	C:\Program Files\Java\jre1.8.0_73\bin\msvcp120.dll
0x0000000060fd0000 - 0x0000000060ff3000 	C:\Program Files\Java\jre1.8.0_73\bin\prism_d3d.dll
0x00007ffccd8e0000 - 0x00007ffccda6d000 	C:\WINDOWS\system32\d3d9.dll
0x00007ffcf5780000 - 0x00007ffcf57a6000 	C:\WINDOWS\SYSTEM32\dwmapi.dll
0x00007ffcf5f50000 - 0x00007ffcf5fe5000 	C:\WINDOWS\system32\uxtheme.dll
0x00007ffcb8b30000 - 0x00007ffcbb06b000 	C:\WINDOWS\SYSTEM32\igdumdim64.dll
0x00007ffcfa420000 - 0x00007ffcfa849000 	C:\WINDOWS\System32\SETUPAPI.dll
0x00007ffcfa850000 - 0x00007ffcfa90f000 	C:\WINDOWS\System32\OLEAUT32.dll
0x00007ffcf7a70000 - 0x00007ffcf7b0c000 	C:\WINDOWS\System32\msvcp_win.dll
0x00007ffcfad30000 - 0x00007ffcfae67000 	C:\WINDOWS\System32\ole32.dll
0x0000000060f80000 - 0x0000000060fc3000 	C:\Program Files\Java\jre1.8.0_73\bin\glass.dll
0x00007ffcfabd0000 - 0x00007ffcfacca000 	C:\WINDOWS\System32\COMDLG32.dll
0x00007ffcf8950000 - 0x00007ffcf8aab000 	C:\WINDOWS\System32\MSCTF.dll
0x00007ffcefc30000 - 0x00007ffcf0656000 	C:\WINDOWS\SYSTEM32\igdusc64.dll
0x00000000605a0000 - 0x00000000605ba000 	C:\Program Files\Java\jre1.8.0_73\bin\net.dll
0x00007ffcf6f10000 - 0x00007ffcf6f6c000 	C:\WINDOWS\system32\mswsock.dll
0x00007ffcf6ce0000 - 0x00007ffcf6d80000 	C:\WINDOWS\SYSTEM32\DNSAPI.dll
0x00007ffcfa960000 - 0x00007ffcfa968000 	C:\WINDOWS\System32\NSI.dll
0x00007ffcf6ca0000 - 0x00007ffcf6cd8000 	C:\WINDOWS\SYSTEM32\IPHLPAPI.DLL
0x0000000061580000 - 0x00000000615a6000 	C:\Program Files\Bonjour\mdnsNSP.dll
0x00007ffceba50000 - 0x00007ffceba5a000 	C:\Windows\System32\rasadhlp.dll
0x00007ffcee710000 - 0x00007ffcee77a000 	C:\WINDOWS\System32\fwpuclnt.dll
0x00007ffcf7700000 - 0x00007ffcf772b000 	C:\WINDOWS\SYSTEM32\bcrypt.dll
0x0000000060f60000 - 0x0000000060f74000 	C:\Program Files\Java\jre1.8.0_73\bin\javafx_font.dll
0x00007ffceec20000 - 0x00007ffceee89000 	C:\WINDOWS\SYSTEM32\dwrite.dll
0x00007ffcf8ae0000 - 0x00007ffcf8b7f000 	C:\WINDOWS\System32\clbcatq.dll
0x00007ffcf2520000 - 0x00007ffcf26c8000 	C:\WINDOWS\SYSTEM32\WindowsCodecs.dll
0x00007ffcebe00000 - 0x00007ffcebe49000 	C:\WINDOWS\system32\dataexchange.dll
0x00007ffcf57b0000 - 0x00007ffcf5901000 	C:\WINDOWS\system32\dcomp.dll
0x00007ffcf42c0000 - 0x00007ffcf4576000 	C:\WINDOWS\system32\d3d11.dll
0x00007ffcf6800000 - 0x00007ffcf689f000 	C:\WINDOWS\system32\dxgi.dll
0x00007ffcf6180000 - 0x00007ffcf629c000 	C:\WINDOWS\system32\twinapi.appcore.dll
0x00007ffcef590000 - 0x00007ffcef5c2000 	C:\Program Files\Common Files\Microsoft Shared\Ink\rtscom.dll

VM Arguments:
jvm_args: -Dfile.encoding=Cp1252 
java_command: application.Main
java_class_path (initial): C:\Users\User\workspace1\DB\bin;D:\Program\eclipse\plugins\org.eclipse.fx.ide.css.jfx8_2.4.0.201605112122.jar;C:\Users\User\workspace1\DB\lib\postgresql-9.4.1211.jre7.jar;C:\Users\User\workspace1\DB\lib\jgrapht-core-1.0.0.jar;C:\Users\User\workspace1\DB\lib\jgraphx-2.0.0.1.jar;C:\Users\User\workspace1\DB\lib\antlr4-runtime-4.5.3.jar;C:\Users\User\workspace1\DB\lib\jgraph-5.13.0.0.jar;C:\Users\User\workspace1\DB\lib\jgrapht-ext-1.0.0.jar;C:\Users\User\workspace1\DB\lib\jgrapht-demo-1.0.0.jar;C:\Users\User\workspace1\DB\lib\jgrapht-ext-1.0.0-uber.jar
Launcher Type: SUN_STANDARD

Environment Variables:
JAVA_HOME=C:\Program Files\Java\jdk1.8.0_73
PATH=C:/Program Files/Java/jre1.8.0_73/bin/server;C:/Program Files/Java/jre1.8.0_73/bin;C:/Program Files/Java/jre1.8.0_73/lib/amd64;C:\Program Files (x86)\NVIDIA Corporation\PhysX\Common;C:\ProgramData\Oracle\Java\javapath;C:\WINDOWS\system32;C:\WINDOWS;C:\WINDOWS\System32\Wbem;C:\WINDOWS\System32\WindowsPowerShell\v1.0\;C:\Program Files\Git\cmd;D:\Program\swipl\bin;C:\Program Files\Microsoft SQL Server\110\Tools\Binn\;C:\Program Files (x86)\Microsoft SQL Server\110\Tools\Binn\ManagementStudio\;C:\Program Files (x86)\Microsoft SQL Server\110\Tools\Binn\;D:\Program\Android SDK\platform-tools;C:\Program Files (x86)\Skype\Phone\;C:\Users\User\Vim\vim74;D:\Program\UnixStyle\bin;C:\Program Files (x86)\GtkSharp\2.12\bin;C:\Python27\Scripts;C:\Program Files\nodejs\;D:\Program\Putty\;C:\Program Files (x86)\Inno Setup 5;C:\Program Files\Amazon\AWSCLI\;C:\Program Files\PostgreSQL\9.5\bin;c:\programs\gmt5\bin;C:\Users\User\AppData\Local\Programs\Python\Python35-32;C:\Users\User\AppData\Local\Programs\Python\Python35-32\Scripts\;C:\Users\User\AppData\Local\Programs\Python\Python35-32\;C:\Program Files\Java\jdk1.8.0_73\bin;C:\Users\User\AppData\Local\.meteor\;D:\Program\Microsoft VS Code\bin;D:\Program\eclipse;
USERNAME=User
OS=Windows_NT
PROCESSOR_IDENTIFIER=Intel64 Family 6 Model 60 Stepping 3, GenuineIntel



---------------  S Y S T E M  ---------------

OS: Windows 10.0 , 64 bit Build 14393 (10.0.14393.0)

CPU:total 8 (4 cores per cpu, 2 threads per core) family 6 model 60 stepping 3, cmov, cx8, fxsr, mmx, sse, sse2, sse3, ssse3, sse4.1, sse4.2, popcnt, avx, avx2, aes, clmul, erms, lzcnt, ht, tsc, tscinvbit, bmi1, bmi2

Memory: 4k page, physical 8159340k(1341956k free), swap 14303340k(3144k free)

vm_info: Java HotSpot(TM) 64-Bit Server VM (25.73-b02) for windows-amd64 JRE (1.8.0_73-b02), built on Jan 29 2016 17:38:49 by "java_re" with MS VC++ 10.0 (VS2010)

time: Wed Nov 02 12:35:48 2016
elapsed time: 5 seconds (0d 0h 0m 5s)

